[2024-03-28T23:34:59.530+0000] {taskinstance.py:1159} INFO - Dependencies all met for dep_context=non-requeueable deps ti=<TaskInstance: my_daily_dag.transformar_data scheduled__2024-03-27T20:57:42.082674+00:00 [queued]>
[2024-03-28T23:34:59.542+0000] {taskinstance.py:1159} INFO - Dependencies all met for dep_context=requeueable deps ti=<TaskInstance: my_daily_dag.transformar_data scheduled__2024-03-27T20:57:42.082674+00:00 [queued]>
[2024-03-28T23:34:59.544+0000] {taskinstance.py:1361} INFO - Starting attempt 2 of 4
[2024-03-28T23:34:59.561+0000] {taskinstance.py:1382} INFO - Executing <Task(PythonOperator): transformar_data> on 2024-03-27 20:57:42.082674+00:00
[2024-03-28T23:34:59.569+0000] {standard_task_runner.py:57} INFO - Started process 204 to run task
[2024-03-28T23:34:59.572+0000] {standard_task_runner.py:84} INFO - Running: ['***', 'tasks', 'run', 'my_daily_dag', 'transformar_data', 'scheduled__2024-03-27T20:57:42.082674+00:00', '--job-id', '20', '--raw', '--subdir', 'DAGS_FOLDER/data_ingestion_daily.py', '--cfg-path', '/tmp/tmpyeymcb15']
[2024-03-28T23:34:59.574+0000] {standard_task_runner.py:85} INFO - Job 20: Subtask transformar_data
[2024-03-28T23:34:59.635+0000] {task_command.py:416} INFO - Running <TaskInstance: my_daily_dag.transformar_data scheduled__2024-03-27T20:57:42.082674+00:00 [running]> on host ef5cb0f96d33
[2024-03-28T23:34:59.736+0000] {taskinstance.py:1662} INFO - Exporting env vars: AIRFLOW_CTX_DAG_OWNER='***' AIRFLOW_CTX_DAG_ID='my_daily_dag' AIRFLOW_CTX_TASK_ID='transformar_data' AIRFLOW_CTX_EXECUTION_DATE='2024-03-27T20:57:42.082674+00:00' AIRFLOW_CTX_TRY_NUMBER='2' AIRFLOW_CTX_DAG_RUN_ID='scheduled__2024-03-27T20:57:42.082674+00:00'
[2024-03-28T23:35:06.513+0000] {logging_mixin.py:154} INFO - Conectado a Redshift con éxito!
[2024-03-28T23:35:07.352+0000] {logging_mixin.py:154} INFO - Tabla agencies creada con exito en DB
[2024-03-28T23:35:08.499+0000] {logging_mixin.py:154} INFO - Tabla bus_positions creada con exito en DB
[2024-03-28T23:35:09.220+0000] {logging_mixin.py:154} INFO - Tabla ecobici_stations creada con exito en DB
[2024-03-28T23:35:09.941+0000] {logging_mixin.py:154} INFO - Tabla ecobici_stations_status creada con exito en DB
[2024-03-28T23:35:09.942+0000] {utils.py:56} INFO - Cargando datos en la base de datos...
[2024-03-28T23:35:10.760+0000] {logging_mixin.py:154} INFO - Datos cargados exitosamente en la base de datos
[2024-03-28T23:35:10.761+0000] {utils.py:56} INFO - Cargando datos en la base de datos...
[2024-03-28T23:36:13.481+0000] {logging_mixin.py:154} INFO - Datos cargados exitosamente en la base de datos
[2024-03-28T23:36:13.482+0000] {utils.py:56} INFO - Cargando datos en la base de datos...
[2024-03-28T23:36:53.981+0000] {logging_mixin.py:154} INFO - Datos cargados exitosamente en la base de datos
[2024-03-28T23:36:53.982+0000] {utils.py:56} INFO - Cargando datos en la base de datos...
[2024-03-28T23:37:35.269+0000] {logging_mixin.py:154} INFO - Datos cargados exitosamente en la base de datos
[2024-03-28T23:37:35.272+0000] {python.py:194} INFO - Done. Returned value was: None
[2024-03-28T23:37:35.311+0000] {taskinstance.py:1400} INFO - Marking task as SUCCESS. dag_id=my_daily_dag, task_id=transformar_data, execution_date=20240327T205742, start_date=20240328T233459, end_date=20240328T233735
[2024-03-28T23:37:35.378+0000] {local_task_job_runner.py:228} INFO - Task exited with return code 0
[2024-03-28T23:37:35.400+0000] {taskinstance.py:2778} INFO - 0 downstream tasks scheduled from follow-on schedule check
