[2024-03-28T21:00:44.579+0000] {taskinstance.py:1159} INFO - Dependencies all met for dep_context=non-requeueable deps ti=<TaskInstance: my_daily_dag.transformar_data scheduled__2024-03-27T20:57:42.082674+00:00 [queued]>
[2024-03-28T21:00:44.592+0000] {taskinstance.py:1159} INFO - Dependencies all met for dep_context=requeueable deps ti=<TaskInstance: my_daily_dag.transformar_data scheduled__2024-03-27T20:57:42.082674+00:00 [queued]>
[2024-03-28T21:00:44.593+0000] {taskinstance.py:1361} INFO - Starting attempt 1 of 4
[2024-03-28T21:00:44.610+0000] {taskinstance.py:1382} INFO - Executing <Task(PythonOperator): transformar_data> on 2024-03-27 20:57:42.082674+00:00
[2024-03-28T21:00:44.617+0000] {standard_task_runner.py:57} INFO - Started process 202 to run task
[2024-03-28T21:00:44.619+0000] {standard_task_runner.py:84} INFO - Running: ['***', 'tasks', 'run', 'my_daily_dag', 'transformar_data', 'scheduled__2024-03-27T20:57:42.082674+00:00', '--job-id', '17', '--raw', '--subdir', 'DAGS_FOLDER/data_ingestion_daily.py', '--cfg-path', '/tmp/tmpyvgr6sa4']
[2024-03-28T21:00:44.621+0000] {standard_task_runner.py:85} INFO - Job 17: Subtask transformar_data
[2024-03-28T21:00:44.684+0000] {task_command.py:416} INFO - Running <TaskInstance: my_daily_dag.transformar_data scheduled__2024-03-27T20:57:42.082674+00:00 [running]> on host b4105c9891da
[2024-03-28T21:00:44.782+0000] {taskinstance.py:1662} INFO - Exporting env vars: AIRFLOW_CTX_DAG_OWNER='***' AIRFLOW_CTX_DAG_ID='my_daily_dag' AIRFLOW_CTX_TASK_ID='transformar_data' AIRFLOW_CTX_EXECUTION_DATE='2024-03-27T20:57:42.082674+00:00' AIRFLOW_CTX_TRY_NUMBER='1' AIRFLOW_CTX_DAG_RUN_ID='scheduled__2024-03-27T20:57:42.082674+00:00'
[2024-03-28T21:00:52.070+0000] {logging_mixin.py:154} INFO - Conectado a Redshift con éxito!
[2024-03-28T21:00:52.755+0000] {logging_mixin.py:154} INFO - Tabla agencies creada con exito en DB
[2024-03-28T21:00:53.441+0000] {logging_mixin.py:154} INFO - Tabla bus_positions creada con exito en DB
[2024-03-28T21:00:54.068+0000] {logging_mixin.py:154} INFO - Tabla ecobici_stations creada con exito en DB
[2024-03-28T21:00:54.775+0000] {logging_mixin.py:154} INFO - Tabla ecobici_stations_status creada con exito en DB
[2024-03-28T21:00:54.776+0000] {utils.py:56} INFO - Cargando datos en la base de datos...
[2024-03-28T21:00:55.390+0000] {logging_mixin.py:154} INFO - Datos cargados exitosamente en la base de datos
[2024-03-28T21:00:55.391+0000] {utils.py:56} INFO - Cargando datos en la base de datos...
[2024-03-28T21:01:43.350+0000] {local_task_job_runner.py:115} ERROR - Received SIGTERM. Terminating subprocesses
[2024-03-28T21:01:43.353+0000] {process_utils.py:131} INFO - Sending 15 to group 202. PIDs of all processes in the group: [202]
[2024-03-28T21:01:43.355+0000] {process_utils.py:86} INFO - Sending the signal 15 to group 202
[2024-03-28T21:01:43.375+0000] {taskinstance.py:1632} ERROR - Received SIGTERM. Terminating subprocesses.
[2024-03-28T21:01:43.377+0000] {logging_mixin.py:154} INFO - Error al insertar el registro 60: Task received SIGTERM signal
